#
# A fatal error has been detected by the Java Runtime Environment:
#
#  SIGSEGV (0xb) at pc=0x00007fff7f490f49, pid=25567, tid=0x0000000000001903
#
# JRE version: Java(TM) SE Runtime Environment (8.0_152-b16) (build 1.8.0_152-b16)
# Java VM: Java HotSpot(TM) 64-Bit Server VM (25.152-b16 mixed mode bsd-amd64 compressed oops)
# Problematic frame:
# C  [libsystem_platform.dylib+0x4f49]  _platform_memmove$VARIANT$Haswell+0x29
#
# Failed to write core dump. Core dumps have been disabled. To enable core dumping, try "ulimit -c unlimited" before starting Java again
#
# If you would like to submit a bug report, please visit:
#   http://bugreport.java.com/bugreport/crash.jsp
# The crash happened outside the Java Virtual Machine in native code.
# See problematic frame for where to report the bug.
#

---------------  T H R E A D  ---------------

Current thread (0x00007f96b7802000):  JavaThread "main" [_thread_in_native, id=6403, stack(0x000070000278e000,0x000070000288e000)]

siginfo: si_signo: 11 (SIGSEGV), si_code: 1 (SEGV_MAPERR), si_addr: 0x00000001258f9000

Registers:
RAX=0x00007f96bd19ea00, RBX=0x00000001258f4c5c, RCX=0x0000000000003e1f, RDX=0x0000000000008195
RSP=0x0000700002886600, RBP=0x0000700002886600, RSI=0x00000001258f9000, RDI=0x00007f96bd1a2d76
R8 =0x00007f96bd1b5a00, R9 =0x0000000000008001, R10=0x00007f96bd000000, R11=0x00007f95978a9d76
R12=0x00000000696295b1, R13=0x0000000033be7e08, R14=0x000000000716ccd4, R15=0x00000000000075b0
RIP=0x00007fff7f490f49, EFLAGS=0x0000000000010206, ERR=0x0000000000000004
  TRAPNO=0x000000000000000e

Top of Stack: (sp=0x0000700002886600)
0x0000700002886600:   0000700002886670 000000010d9f0006
0x0000700002886610:   000000b002886d20 0000000000000075
0x0000700002886620:   00000000000089d3 00007f96bd19ea00
0x0000700002886630:   0000000000008195 00007f96b653b7f0
0x0000700002886640:   00007f96b8656c20 00007f96b653b7f0
0x0000700002886650:   00007f96b653b9a0 00000000000001a0
0x0000700002886660:   00000000338a6c8b 00007f96b6669e70
0x0000700002886670:   00007000028866d0 000000010d9f052d
0x0000700002886680:   0000700002886707 0000700002886706
0x0000700002886690:   0000001700000000 0000001801802000
0x00007000028866a0:   00007000028866ee 0000700002886b38
0x00007000028866b0:   0000000000000018 00007000028866ee
0x00007000028866c0:   00007f96b653b7f0 00007f96b78021f8
0x00007000028866d0:   0000700002886b20 000000010d9ef238
0x00007000028866e0:   0000700002886720 6974000100000001
0x00007000028866f0:   2f6365746e6f746c 7361622f6c697475
0x0000700002886700:   0000636a6c632e65 00007000028869b0
0x0000700002886710:   00007f96b7802000 0000700002886800
0x0000700002886720:   00000001216123d8 00007000028869b0
0x0000700002886730:   00007000028868a0 000000010ed26a68
0x0000700002886740:   00007000028874f8 00007f96b6601a70
0x0000700002886750:   00007f96b78021f8 00007000028869b0
0x0000700002886760:   0000700002886970 00000007b35a7c20
0x0000700002886770:   0000000780016d58 00007000028868e0
0x0000700002886780:   00000001271ae970 000000010edcd2e5
0x0000700002886790:   0000000000000000 00007000271accb0
0x00007000028867a0:   0000700002886830 000000010e01019c
0x00007000028867b0:   0000700002886830 0000700002886768
0x00007000028867c0:   00007000028867a9 0000000800000002
0x00007000028867d0:   00000007c0068200 00007f96b6601560
0x00007000028867e0:   00007f96b6601d20 00007f96b6601d30
0x00007000028867f0:   00007f96b6602108 00000000000003d8 

Instructions: (pc=0x00007fff7f490f49)
0x00007fff7f490f29:   f3 48 89 f8 49 39 d3 72 1b 48 83 fa 60 76 2f 48
0x00007fff7f490f39:   81 fa 00 40 00 00 0f 82 cb 00 00 00 48 89 d1 fc
0x00007fff7f490f49:   f3 a4 5d c3 48 39 fe 74 f9 48 01 d6 48 01 d7 48
0x00007fff7f490f59:   83 fa 60 0f 82 8c 01 00 00 e9 a9 01 00 00 48 83 

Register to memory mapping:

RAX=0x00007f96bd19ea00 is an unknown value
RBX=0x00000001258f4c5c is an unknown value
RCX=0x0000000000003e1f is an unknown value
RDX=0x0000000000008195 is an unknown value
RSP=0x0000700002886600 is pointing into the stack for thread: 0x00007f96b7802000
RBP=0x0000700002886600 is pointing into the stack for thread: 0x00007f96b7802000
RSI=0x00000001258f9000 is an unknown value
RDI=0x00007f96bd1a2d76 is an unknown value
R8 =0x00007f96bd1b5a00 is an unknown value
R9 =0x0000000000008001 is an unknown value
R10=0x00007f96bd000000 is an unknown value
R11=0x00007f95978a9d76 is an unknown value
R12=0x00000000696295b1 is an unknown value
R13=0x0000000033be7e08 is an unknown value
R14=0x000000000716ccd4 is an unknown value
R15=0x00000000000075b0 is an unknown value


Stack: [0x000070000278e000,0x000070000288e000],  sp=0x0000700002886600,  free space=993k
Native frames: (J=compiled Java code, j=interpreted, Vv=VM code, C=native code)
C  [libsystem_platform.dylib+0x4f49]  _platform_memmove$VARIANT$Haswell+0x29
C  [libzip.dylib+0x3006]  newEntry+0x2c8
C  [libzip.dylib+0x352d]  ZIP_GetEntry2+0xd4
C  [libzip.dylib+0x2238]  Java_java_util_zip_ZipFile_getEntry+0xcf
J 147  java.util.zip.ZipFile.getEntry(J[BZ)J (0 bytes) @ 0x0000000112777c4e [0x0000000112777b80+0xce]
J 2843 C2 sun.misc.URLClassPath$JarLoader.getResource(Ljava/lang/String;Z)Lsun/misc/Resource; (85 bytes) @ 0x00000001127cfdb0 [0x00000001127cfa00+0x3b0]
J 3510 C2 java.net.URLClassLoader$2.run()Ljava/lang/Object; (5 bytes) @ 0x0000000112af9958 [0x0000000112af9820+0x138]
v  ~StubRoutines::call_stub
V  [libjvm.dylib+0x2ef7b2]
V  [libjvm.dylib+0x34ff7c]
J 1766  java.security.AccessController.doPrivileged(Ljava/security/PrivilegedAction;Ljava/security/AccessControlContext;)Ljava/lang/Object; (0 bytes) @ 0x0000000112d4e395 [0x0000000112d4e2c0+0xd5]
J 1767 C1 java.net.URLClassLoader.findResource(Ljava/lang/String;)Ljava/net/URL; (37 bytes) @ 0x0000000112d5bc14 [0x0000000112d5ba80+0x194]
J 3491 C1 java.lang.ClassLoader.getResource(Ljava/lang/String;)Ljava/net/URL; (36 bytes) @ 0x0000000112b5e33c [0x0000000112b5dea0+0x49c]
J 3244 C1 clojure.java.io$resource.invoke(Ljava/lang/Object;)Ljava/lang/Object; (7 bytes) @ 0x000000011335080c [0x0000000113350400+0x40c]
J 3122 C1 cljs.util$ns__GT_source.invokeStatic(Ljava/lang/Object;)Ljava/lang/Object; (86 bytes) @ 0x00000001132c80d4 [0x00000001132c76c0+0xa14]
J 3121 C1 cljs.util$ns__GT_source.invoke(Ljava/lang/Object;)Ljava/lang/Object; (7 bytes) @ 0x00000001132c86bc [0x00000001132c8640+0x7c]
J 3124 C1 cljs.analyzer$aliasable_clj_ns_QMARK_.invokeStatic(Ljava/lang/Object;)Ljava/lang/Object; (132 bytes) @ 0x00000001132cdbec [0x00000001132cd960+0x28c]
J 3054 C1 cljs.analyzer$aliasable_clj_ns_QMARK_.invoke(Ljava/lang/Object;)Ljava/lang/Object; (7 bytes) @ 0x0000000112f5b6bc [0x0000000112f5b640+0x7c]
J 3053 C1 cljs.analyzer$process_rewrite_form$process_spec__2402.invoke(Ljava/lang/Object;)Ljava/lang/Object; (250 bytes) @ 0x0000000112f5e2dc [0x0000000112f5d140+0x119c]
J 2313 C2 clojure.core$map$fn__4785.invoke()Ljava/lang/Object; (205 bytes) @ 0x00000001130e4048 [0x00000001130e3800+0x848]
J 1003 C2 clojure.lang.LazySeq.sval()Ljava/lang/Object; (42 bytes) @ 0x0000000112a1d378 [0x0000000112a1d2e0+0x98]
J 684 C2 clojure.lang.RT.seq(Ljava/lang/Object;)Lclojure/lang/ISeq; (32 bytes) @ 0x000000011291eb14 [0x000000011291ea60+0xb4]
J 3427 C1 clojure.core$mapcat.invokeStatic(Ljava/lang/Object;Lclojure/lang/ISeq;)Ljava/lang/Object; (25 bytes) @ 0x0000000112ac3154 [0x0000000112ac2b80+0x5d4]
j  clojure.core$mapcat.doInvoke(Ljava/lang/Object;Ljava/lang/Object;)Ljava/lang/Object;+9
J 3262 C2 clojure.lang.RestFn.invoke(Ljava/lang/Object;Ljava/lang/Object;)Ljava/lang/Object; (119 bytes) @ 0x000000011339b6e8 [0x000000011339abe0+0xb08]
J 3413 C1 cljs.analyzer$process_rewrite_form.invokeStatic(Ljava/lang/Object;)Ljava/lang/Object; (124 bytes) @ 0x0000000112a4bc6c [0x0000000112a4ae00+0xe6c]
J 3412 C1 cljs.analyzer$process_rewrite_form.invoke(Ljava/lang/Object;)Ljava/lang/Object; (7 bytes) @ 0x0000000112a996fc [0x0000000112a99680+0x7c]
J 2313 C2 clojure.core$map$fn__4785.invoke()Ljava/lang/Object; (205 bytes) @ 0x00000001130e4048 [0x00000001130e3800+0x848]
J 1595 C2 clojure.lang.LazySeq.seq()Lclojure/lang/ISeq; (53 bytes) @ 0x0000000112c751d0 [0x0000000112c75120+0xb0]
J 2313 C2 clojure.core$map$fn__4785.invoke()Ljava/lang/Object; (205 bytes) @ 0x00000001130e3f6c [0x00000001130e3800+0x76c]
J 1003 C2 clojure.lang.LazySeq.sval()Ljava/lang/Object; (42 bytes) @ 0x0000000112a1d378 [0x0000000112a1d2e0+0x98]
J 684 C2 clojure.lang.RT.seq(Ljava/lang/Object;)Lclojure/lang/ISeq; (32 bytes) @ 0x000000011291eb14 [0x000000011291ea60+0xb4]
J 2899 C1 clojure.core.protocols$seq_reduce.invokeStatic(Ljava/lang/Object;Ljava/lang/Object;Ljava/lang/Object;)Ljava/lang/Object; (67 bytes) @ 0x00000001129ee644 [0x00000001129ee5a0+0xa4]
J 3007 C1 clojure.core.protocols$fn__6738.invoke(Ljava/lang/Object;Ljava/lang/Object;Ljava/lang/Object;)Ljava/lang/Object; (13 bytes) @ 0x0000000112cda744 [0x0000000112cda680+0xc4]
J 3558 C1 clojure.core.protocols$fn__6684$G__6679__6697.invoke(Ljava/lang/Object;Ljava/lang/Object;Ljava/lang/Object;)Ljava/lang/Object; (97 bytes) @ 0x00000001133fa43c [0x00000001133f9b80+0x8bc]
J 3415 C1 clojure.core$reduce.invokeStatic(Ljava/lang/Object;Ljava/lang/Object;Ljava/lang/Object;)Ljava/lang/Object; (91 bytes) @ 0x00000001129af62c [0x00000001129aef40+0x6ec]
J 3006 C1 clojure.core$into.invokeStatic(Ljava/lang/Object;Ljava/lang/Object;)Ljava/lang/Object; (55 bytes) @ 0x0000000112cd3524 [0x0000000112cd30e0+0x444]
J 3046 C1 clojure.core$into.invoke(Ljava/lang/Object;Ljava/lang/Object;)Ljava/lang/Object; (10 bytes) @ 0x0000000112cdab7c [0x0000000112cdab00+0x7c]
j  cljs.analyzer$desugar_ns_specs.invokeStatic(Ljava/lang/Object;)Ljava/lang/Object;+34
j  cljs.analyzer$desugar_ns_specs.invoke(Ljava/lang/Object;)Ljava/lang/Object;+3
j  cljs.analyzer$eval2459$fn__2461.invoke(Ljava/lang/Object;Ljava/lang/Object;Ljava/lang/Object;Ljava/lang/Object;Ljava/lang/Object;)Ljava/lang/Object;+852
j  clojure.lang.MultiFn.invoke(Ljava/lang/Object;Ljava/lang/Object;Ljava/lang/Object;Ljava/lang/Object;Ljava/lang/Object;)Ljava/lang/Object;+59
j  cljs.analyzer$analyze_seq_STAR_.invokeStatic(Ljava/lang/Object;Ljava/lang/Object;Ljava/lang/Object;Ljava/lang/Object;Ljava/lang/Object;)Ljava/lang/Object;+57
j  cljs.analyzer$analyze_seq_STAR_.invoke(Ljava/lang/Object;Ljava/lang/Object;Ljava/lang/Object;Ljava/lang/Object;Ljava/lang/Object;)Ljava/lang/Object;+19
j  cljs.analyzer$analyze_seq_STAR__wrap.invokeStatic(Ljava/lang/Object;Ljava/lang/Object;Ljava/lang/Object;Ljava/lang/Object;Ljava/lang/Object;)Ljava/lang/Object;+24
j  cljs.analyzer$analyze_seq_STAR__wrap.invoke(Ljava/lang/Object;Ljava/lang/Object;Ljava/lang/Object;Ljava/lang/Object;Ljava/lang/Object;)Ljava/lang/Object;+19
j  cljs.analyzer$analyze_seq.invokeStatic(Ljava/lang/Object;Ljava/lang/Object;Ljava/lang/Object;Ljava/lang/Object;)Ljava/lang/Object;+456
j  cljs.analyzer$analyze_seq.invoke(Ljava/lang/Object;Ljava/lang/Object;Ljava/lang/Object;Ljava/lang/Object;)Ljava/lang/Object;+14
j  cljs.analyzer$analyze_form.invokeStatic(Ljava/lang/Object;Ljava/lang/Object;Ljava/lang/Object;Ljava/lang/Object;)Ljava/lang/Object;+148
j  cljs.analyzer$analyze_form.invoke(Ljava/lang/Object;Ljava/lang/Object;Ljava/lang/Object;Ljava/lang/Object;)Ljava/lang/Object;+14
j  cljs.analyzer$analyze_STAR_.invokeStatic(Ljava/lang/Object;Ljava/lang/Object;Ljava/lang/Object;Ljava/lang/Object;)Ljava/lang/Object;+113
j  cljs.analyzer$analyze_STAR_.invoke(Ljava/lang/Object;Ljava/lang/Object;Ljava/lang/Object;Ljava/lang/Object;)Ljava/lang/Object;+14
j  cljs.analyzer$analyze.invokeStatic(Ljava/lang/Object;Ljava/lang/Object;Ljava/lang/Object;Ljava/lang/Object;)Ljava/lang/Object;+170
j  cljs.analyzer$analyze.invoke(Ljava/lang/Object;Ljava/lang/Object;Ljava/lang/Object;Ljava/lang/Object;)Ljava/lang/Object;+14
j  cljs.analyzer$parse_ns$fn__2838$fn__2842.invoke()Ljava/lang/Object;+36
j  cljs.analyzer$parse_ns$fn__2838.invoke()Ljava/lang/Object;+555
j  cljs.analyzer$parse_ns.invokeStatic(Ljava/lang/Object;Ljava/lang/Object;Ljava/lang/Object;)Ljava/lang/Object;+600
j  cljs.analyzer$parse_ns.invoke(Ljava/lang/Object;Ljava/lang/Object;Ljava/lang/Object;)Ljava/lang/Object;+9
j  cljs.analyzer$parse_ns.invokeStatic(Ljava/lang/Object;)Ljava/lang/Object;+94
j  cljs.analyzer$parse_ns.invoke(Ljava/lang/Object;)Ljava/lang/Object;+3
j  cljs.compiler$find_source.invokeStatic(Ljava/lang/Object;)Ljava/lang/Object;+12
j  cljs.compiler$find_source.invoke(Ljava/lang/Object;)Ljava/lang/Object;+3
J 2313 C2 clojure.core$map$fn__4785.invoke()Ljava/lang/Object; (205 bytes) @ 0x00000001130e4048 [0x00000001130e3800+0x848]
J 1595 C2 clojure.lang.LazySeq.seq()Lclojure/lang/ISeq; (53 bytes) @ 0x0000000112c751d0 [0x0000000112c75120+0xb0]
J 3239 C2 clojure.core$reduce1.invokeStatic(Ljava/lang/Object;Ljava/lang/Object;Ljava/lang/Object;)Ljava/lang/Object; (109 bytes) @ 0x000000011336d814 [0x000000011336d320+0x4f4]
J 2094 C1 clojure.core$set.invokeStatic(Ljava/lang/Object;)Ljava/lang/Object; (87 bytes) @ 0x0000000112f5562c [0x0000000112f54460+0x11cc]
J 2996 C1 clojure.core$set.invoke(Ljava/lang/Object;)Ljava/lang/Object; (7 bytes) @ 0x0000000112dcb97c [0x0000000112dcb900+0x7c]
j  cljs.closure$add_dependency_sources.invokeStatic(Ljava/lang/Object;Ljava/lang/Object;)Ljava/lang/Object;+12
j  cljs.closure$add_dependency_sources.invoke(Ljava/lang/Object;Ljava/lang/Object;)Ljava/lang/Object;+6
j  cljs.closure$build.invokeStatic(Ljava/lang/Object;Ljava/lang/Object;Ljava/lang/Object;)Ljava/lang/Object;+1832
j  cljs.closure$build.invoke(Ljava/lang/Object;Ljava/lang/Object;Ljava/lang/Object;)Ljava/lang/Object;+9
j  cljs.closure$watch$buildf__6462.invoke()Ljava/lang/Object;+25
j  cljs.closure$watch.invokeStatic(Ljava/lang/Object;Ljava/lang/Object;Ljava/lang/Object;Ljava/lang/Object;)Ljava/lang/Object;+1840
j  cljs.closure$watch.invoke(Ljava/lang/Object;Ljava/lang/Object;Ljava/lang/Object;Ljava/lang/Object;)Ljava/lang/Object;+14
j  cljs.build.api$watch.invokeStatic(Ljava/lang/Object;Ljava/lang/Object;Ljava/lang/Object;Ljava/lang/Object;)Ljava/lang/Object;+71
j  cljs.build.api$watch.invoke(Ljava/lang/Object;Ljava/lang/Object;Ljava/lang/Object;Ljava/lang/Object;)Ljava/lang/Object;+14
j  cljs.build.api$watch.invokeStatic(Ljava/lang/Object;Ljava/lang/Object;Ljava/lang/Object;)Ljava/lang/Object;+19
j  cljs.build.api$watch.invoke(Ljava/lang/Object;Ljava/lang/Object;Ljava/lang/Object;)Ljava/lang/Object;+9
j  cljs.build.api$watch.invokeStatic(Ljava/lang/Object;Ljava/lang/Object;)Ljava/lang/Object;+100
j  cljs.build.api$watch.invoke(Ljava/lang/Object;Ljava/lang/Object;)Ljava/lang/Object;+6
j  user$eval6573.invokeStatic()Ljava/lang/Object;+14
j  user$eval6573.invoke()Ljava/lang/Object;+0
J 1816 C1 clojure.lang.Compiler.eval(Ljava/lang/Object;Z)Ljava/lang/Object; (393 bytes) @ 0x0000000112dae4ac [0x0000000112da8fa0+0x550c]
j  clojure.lang.Compiler.load(Ljava/io/Reader;Ljava/lang/String;Ljava/lang/String;)Ljava/lang/Object;+354
j  clojure.lang.Compiler.loadFile(Ljava/lang/String;)Ljava/lang/Object;+42
j  clojure.main$load_script.invokeStatic(Ljava/lang/Object;)Ljava/lang/Object;+67
j  clojure.main$script_opt.invokeStatic(Ljava/lang/Object;Ljava/lang/Object;)Ljava/lang/Object;+330
j  clojure.main$script_opt.invoke(Ljava/lang/Object;Ljava/lang/Object;)Ljava/lang/Object;+6
j  clojure.main$main.invokeStatic(Lclojure/lang/ISeq;)Ljava/lang/Object;+197
j  clojure.main$main.doInvoke(Ljava/lang/Object;)Ljava/lang/Object;+6
j  clojure.lang.RestFn.invoke(Ljava/lang/Object;)Ljava/lang/Object;+50
j  clojure.lang.Var.invoke(Ljava/lang/Object;)Ljava/lang/Object;+11
J 473 C1 clojure.lang.AFn.applyToHelper(Lclojure/lang/IFn;Lclojure/lang/ISeq;)Ljava/lang/Object; (3238 bytes) @ 0x000000011288aae4 [0x00000001128756c0+0x15424]
j  clojure.lang.Var.applyTo(Lclojure/lang/ISeq;)Ljava/lang/Object;+2
j  clojure.main.main([Ljava/lang/String;)V+17
v  ~StubRoutines::call_stub
V  [libjvm.dylib+0x2ef7b2]
V  [libjvm.dylib+0x4d58e8]
V  [libjvm.dylib+0x4d5e1c]
V  [libjvm.dylib+0x347c20]
...<more frames>...

Java frames: (J=compiled Java code, j=interpreted, Vv=VM code)
J 147  java.util.zip.ZipFile.getEntry(J[BZ)J (0 bytes) @ 0x0000000112777bd8 [0x0000000112777b80+0x58]
J 2843 C2 sun.misc.URLClassPath$JarLoader.getResource(Ljava/lang/String;Z)Lsun/misc/Resource; (85 bytes) @ 0x00000001127cfdb0 [0x00000001127cfa00+0x3b0]
J 3510 C2 java.net.URLClassLoader$2.run()Ljava/lang/Object; (5 bytes) @ 0x0000000112af9958 [0x0000000112af9820+0x138]
v  ~StubRoutines::call_stub
J 1766  java.security.AccessController.doPrivileged(Ljava/security/PrivilegedAction;Ljava/security/AccessControlContext;)Ljava/lang/Object; (0 bytes) @ 0x0000000112d4e323 [0x0000000112d4e2c0+0x63]
J 1767 C1 java.net.URLClassLoader.findResource(Ljava/lang/String;)Ljava/net/URL; (37 bytes) @ 0x0000000112d5bc14 [0x0000000112d5ba80+0x194]
J 3491 C1 java.lang.ClassLoader.getResource(Ljava/lang/String;)Ljava/net/URL; (36 bytes) @ 0x0000000112b5e33c [0x0000000112b5dea0+0x49c]
J 3244 C1 clojure.java.io$resource.invoke(Ljava/lang/Object;)Ljava/lang/Object; (7 bytes) @ 0x000000011335080c [0x0000000113350400+0x40c]
J 3122 C1 cljs.util$ns__GT_source.invokeStatic(Ljava/lang/Object;)Ljava/lang/Object; (86 bytes) @ 0x00000001132c80d4 [0x00000001132c76c0+0xa14]
J 3121 C1 cljs.util$ns__GT_source.invoke(Ljava/lang/Object;)Ljava/lang/Object; (7 bytes) @ 0x00000001132c86bc [0x00000001132c8640+0x7c]
J 3124 C1 cljs.analyzer$aliasable_clj_ns_QMARK_.invokeStatic(Ljava/lang/Object;)Ljava/lang/Object; (132 bytes) @ 0x00000001132cdbec [0x00000001132cd960+0x28c]
J 3054 C1 cljs.analyzer$aliasable_clj_ns_QMARK_.invoke(Ljava/lang/Object;)Ljava/lang/Object; (7 bytes) @ 0x0000000112f5b6bc [0x0000000112f5b640+0x7c]
J 3053 C1 cljs.analyzer$process_rewrite_form$process_spec__2402.invoke(Ljava/lang/Object;)Ljava/lang/Object; (250 bytes) @ 0x0000000112f5e2dc [0x0000000112f5d140+0x119c]
J 2313 C2 clojure.core$map$fn__4785.invoke()Ljava/lang/Object; (205 bytes) @ 0x00000001130e4048 [0x00000001130e3800+0x848]
J 1003 C2 clojure.lang.LazySeq.sval()Ljava/lang/Object; (42 bytes) @ 0x0000000112a1d378 [0x0000000112a1d2e0+0x98]
J 684 C2 clojure.lang.RT.seq(Ljava/lang/Object;)Lclojure/lang/ISeq; (32 bytes) @ 0x000000011291eb14 [0x000000011291ea60+0xb4]
J 3427 C1 clojure.core$mapcat.invokeStatic(Ljava/lang/Object;Lclojure/lang/ISeq;)Ljava/lang/Object; (25 bytes) @ 0x0000000112ac3154 [0x0000000112ac2b80+0x5d4]
j  clojure.core$mapcat.doInvoke(Ljava/lang/Object;Ljava/lang/Object;)Ljava/lang/Object;+9
J 3262 C2 clojure.lang.RestFn.invoke(Ljava/lang/Object;Ljava/lang/Object;)Ljava/lang/Object; (119 bytes) @ 0x000000011339b6e8 [0x000000011339abe0+0xb08]
J 3413 C1 cljs.analyzer$process_rewrite_form.invokeStatic(Ljava/lang/Object;)Ljava/lang/Object; (124 bytes) @ 0x0000000112a4bc6c [0x0000000112a4ae00+0xe6c]
J 3412 C1 cljs.analyzer$process_rewrite_form.invoke(Ljava/lang/Object;)Ljava/lang/Object; (7 bytes) @ 0x0000000112a996fc [0x0000000112a99680+0x7c]
J 2313 C2 clojure.core$map$fn__4785.invoke()Ljava/lang/Object; (205 bytes) @ 0x00000001130e4048 [0x00000001130e3800+0x848]
J 1595 C2 clojure.lang.LazySeq.seq()Lclojure/lang/ISeq; (53 bytes) @ 0x0000000112c751d0 [0x0000000112c75120+0xb0]
J 2313 C2 clojure.core$map$fn__4785.invoke()Ljava/lang/Object; (205 bytes) @ 0x00000001130e3f6c [0x00000001130e3800+0x76c]
J 1003 C2 clojure.lang.LazySeq.sval()Ljava/lang/Object; (42 bytes) @ 0x0000000112a1d378 [0x0000000112a1d2e0+0x98]
J 684 C2 clojure.lang.RT.seq(Ljava/lang/Object;)Lclojure/lang/ISeq; (32 bytes) @ 0x000000011291eb14 [0x000000011291ea60+0xb4]
J 2899 C1 clojure.core.protocols$seq_reduce.invokeStatic(Ljava/lang/Object;Ljava/lang/Object;Ljava/lang/Object;)Ljava/lang/Object; (67 bytes) @ 0x00000001129ee644 [0x00000001129ee5a0+0xa4]
J 3007 C1 clojure.core.protocols$fn__6738.invoke(Ljava/lang/Object;Ljava/lang/Object;Ljava/lang/Object;)Ljava/lang/Object; (13 bytes) @ 0x0000000112cda744 [0x0000000112cda680+0xc4]
J 3558 C1 clojure.core.protocols$fn__6684$G__6679__6697.invoke(Ljava/lang/Object;Ljava/lang/Object;Ljava/lang/Object;)Ljava/lang/Object; (97 bytes) @ 0x00000001133fa43c [0x00000001133f9b80+0x8bc]
J 3415 C1 clojure.core$reduce.invokeStatic(Ljava/lang/Object;Ljava/lang/Object;Ljava/lang/Object;)Ljava/lang/Object; (91 bytes) @ 0x00000001129af62c [0x00000001129aef40+0x6ec]
J 3006 C1 clojure.core$into.invokeStatic(Ljava/lang/Object;Ljava/lang/Object;)Ljava/lang/Object; (55 bytes) @ 0x0000000112cd3524 [0x0000000112cd30e0+0x444]
J 3046 C1 clojure.core$into.invoke(Ljava/lang/Object;Ljava/lang/Object;)Ljava/lang/Object; (10 bytes) @ 0x0000000112cdab7c [0x0000000112cdab00+0x7c]
j  cljs.analyzer$desugar_ns_specs.invokeStatic(Ljava/lang/Object;)Ljava/lang/Object;+34
j  cljs.analyzer$desugar_ns_specs.invoke(Ljava/lang/Object;)Ljava/lang/Object;+3
j  cljs.analyzer$eval2459$fn__2461.invoke(Ljava/lang/Object;Ljava/lang/Object;Ljava/lang/Object;Ljava/lang/Object;Ljava/lang/Object;)Ljava/lang/Object;+852
j  clojure.lang.MultiFn.invoke(Ljava/lang/Object;Ljava/lang/Object;Ljava/lang/Object;Ljava/lang/Object;Ljava/lang/Object;)Ljava/lang/Object;+59
j  cljs.analyzer$analyze_seq_STAR_.invokeStatic(Ljava/lang/Object;Ljava/lang/Object;Ljava/lang/Object;Ljava/lang/Object;Ljava/lang/Object;)Ljava/lang/Object;+57
j  cljs.analyzer$analyze_seq_STAR_.invoke(Ljava/lang/Object;Ljava/lang/Object;Ljava/lang/Object;Ljava/lang/Object;Ljava/lang/Object;)Ljava/lang/Object;+19
j  cljs.analyzer$analyze_seq_STAR__wrap.invokeStatic(Ljava/lang/Object;Ljava/lang/Object;Ljava/lang/Object;Ljava/lang/Object;Ljava/lang/Object;)Ljava/lang/Object;+24
j  cljs.analyzer$analyze_seq_STAR__wrap.invoke(Ljava/lang/Object;Ljava/lang/Object;Ljava/lang/Object;Ljava/lang/Object;Ljava/lang/Object;)Ljava/lang/Object;+19
j  cljs.analyzer$analyze_seq.invokeStatic(Ljava/lang/Object;Ljava/lang/Object;Ljava/lang/Object;Ljava/lang/Object;)Ljava/lang/Object;+456
j  cljs.analyzer$analyze_seq.invoke(Ljava/lang/Object;Ljava/lang/Object;Ljava/lang/Object;Ljava/lang/Object;)Ljava/lang/Object;+14
j  cljs.analyzer$analyze_form.invokeStatic(Ljava/lang/Object;Ljava/lang/Object;Ljava/lang/Object;Ljava/lang/Object;)Ljava/lang/Object;+148
j  cljs.analyzer$analyze_form.invoke(Ljava/lang/Object;Ljava/lang/Object;Ljava/lang/Object;Ljava/lang/Object;)Ljava/lang/Object;+14
j  cljs.analyzer$analyze_STAR_.invokeStatic(Ljava/lang/Object;Ljava/lang/Object;Ljava/lang/Object;Ljava/lang/Object;)Ljava/lang/Object;+113
j  cljs.analyzer$analyze_STAR_.invoke(Ljava/lang/Object;Ljava/lang/Object;Ljava/lang/Object;Ljava/lang/Object;)Ljava/lang/Object;+14
j  cljs.analyzer$analyze.invokeStatic(Ljava/lang/Object;Ljava/lang/Object;Ljava/lang/Object;Ljava/lang/Object;)Ljava/lang/Object;+170
j  cljs.analyzer$analyze.invoke(Ljava/lang/Object;Ljava/lang/Object;Ljava/lang/Object;Ljava/lang/Object;)Ljava/lang/Object;+14
j  cljs.analyzer$parse_ns$fn__2838$fn__2842.invoke()Ljava/lang/Object;+36
j  cljs.analyzer$parse_ns$fn__2838.invoke()Ljava/lang/Object;+555
j  cljs.analyzer$parse_ns.invokeStatic(Ljava/lang/Object;Ljava/lang/Object;Ljava/lang/Object;)Ljava/lang/Object;+600
j  cljs.analyzer$parse_ns.invoke(Ljava/lang/Object;Ljava/lang/Object;Ljava/lang/Object;)Ljava/lang/Object;+9
j  cljs.analyzer$parse_ns.invokeStatic(Ljava/lang/Object;)Ljava/lang/Object;+94
j  cljs.analyzer$parse_ns.invoke(Ljava/lang/Object;)Ljava/lang/Object;+3
j  cljs.compiler$find_source.invokeStatic(Ljava/lang/Object;)Ljava/lang/Object;+12
j  cljs.compiler$find_source.invoke(Ljava/lang/Object;)Ljava/lang/Object;+3
J 2313 C2 clojure.core$map$fn__4785.invoke()Ljava/lang/Object; (205 bytes) @ 0x00000001130e4048 [0x00000001130e3800+0x848]
J 1595 C2 clojure.lang.LazySeq.seq()Lclojure/lang/ISeq; (53 bytes) @ 0x0000000112c751d0 [0x0000000112c75120+0xb0]
J 3239 C2 clojure.core$reduce1.invokeStatic(Ljava/lang/Object;Ljava/lang/Object;Ljava/lang/Object;)Ljava/lang/Object; (109 bytes) @ 0x000000011336d814 [0x000000011336d320+0x4f4]
J 2094 C1 clojure.core$set.invokeStatic(Ljava/lang/Object;)Ljava/lang/Object; (87 bytes) @ 0x0000000112f5562c [0x0000000112f54460+0x11cc]
J 2996 C1 clojure.core$set.invoke(Ljava/lang/Object;)Ljava/lang/Object; (7 bytes) @ 0x0000000112dcb97c [0x0000000112dcb900+0x7c]
j  cljs.closure$add_dependency_sources.invokeStatic(Ljava/lang/Object;Ljava/lang/Object;)Ljava/lang/Object;+12
j  cljs.closure$add_dependency_sources.invoke(Ljava/lang/Object;Ljava/lang/Object;)Ljava/lang/Object;+6
j  cljs.closure$build.invokeStatic(Ljava/lang/Object;Ljava/lang/Object;Ljava/lang/Object;)Ljava/lang/Object;+1832
j  cljs.closure$build.invoke(Ljava/lang/Object;Ljava/lang/Object;Ljava/lang/Object;)Ljava/lang/Object;+9
j  cljs.closure$watch$buildf__6462.invoke()Ljava/lang/Object;+25
j  cljs.closure$watch.invokeStatic(Ljava/lang/Object;Ljava/lang/Object;Ljava/lang/Object;Ljava/lang/Object;)Ljava/lang/Object;+1840
j  cljs.closure$watch.invoke(Ljava/lang/Object;Ljava/lang/Object;Ljava/lang/Object;Ljava/lang/Object;)Ljava/lang/Object;+14
j  cljs.build.api$watch.invokeStatic(Ljava/lang/Object;Ljava/lang/Object;Ljava/lang/Object;Ljava/lang/Object;)Ljava/lang/Object;+71
j  cljs.build.api$watch.invoke(Ljava/lang/Object;Ljava/lang/Object;Ljava/lang/Object;Ljava/lang/Object;)Ljava/lang/Object;+14
j  cljs.build.api$watch.invokeStatic(Ljava/lang/Object;Ljava/lang/Object;Ljava/lang/Object;)Ljava/lang/Object;+19
j  cljs.build.api$watch.invoke(Ljava/lang/Object;Ljava/lang/Object;Ljava/lang/Object;)Ljava/lang/Object;+9
j  cljs.build.api$watch.invokeStatic(Ljava/lang/Object;Ljava/lang/Object;)Ljava/lang/Object;+100
j  cljs.build.api$watch.invoke(Ljava/lang/Object;Ljava/lang/Object;)Ljava/lang/Object;+6
j  user$eval6573.invokeStatic()Ljava/lang/Object;+14
j  user$eval6573.invoke()Ljava/lang/Object;+0
J 1816 C1 clojure.lang.Compiler.eval(Ljava/lang/Object;Z)Ljava/lang/Object; (393 bytes) @ 0x0000000112dae4ac [0x0000000112da8fa0+0x550c]
j  clojure.lang.Compiler.load(Ljava/io/Reader;Ljava/lang/String;Ljava/lang/String;)Ljava/lang/Object;+354
j  clojure.lang.Compiler.loadFile(Ljava/lang/String;)Ljava/lang/Object;+42
j  clojure.main$load_script.invokeStatic(Ljava/lang/Object;)Ljava/lang/Object;+67
j  clojure.main$script_opt.invokeStatic(Ljava/lang/Object;Ljava/lang/Object;)Ljava/lang/Object;+330
j  clojure.main$script_opt.invoke(Ljava/lang/Object;Ljava/lang/Object;)Ljava/lang/Object;+6
j  clojure.main$main.invokeStatic(Lclojure/lang/ISeq;)Ljava/lang/Object;+197
j  clojure.main$main.doInvoke(Ljava/lang/Object;)Ljava/lang/Object;+6
j  clojure.lang.RestFn.invoke(Ljava/lang/Object;)Ljava/lang/Object;+50
j  clojure.lang.Var.invoke(Ljava/lang/Object;)Ljava/lang/Object;+11
J 473 C1 clojure.lang.AFn.applyToHelper(Lclojure/lang/IFn;Lclojure/lang/ISeq;)Ljava/lang/Object; (3238 bytes) @ 0x000000011288aae4 [0x00000001128756c0+0x15424]
j  clojure.lang.Var.applyTo(Lclojure/lang/ISeq;)Ljava/lang/Object;+2
j  clojure.main.main([Ljava/lang/String;)V+17
v  ~StubRoutines::call_stub
j  sun.reflect.NativeMethodAccessorImpl.invoke0(Ljava/lang/reflect/Method;Ljava/lang/Object;[Ljava/lang/Object;)Ljava/lang/Object;+0
j  sun.reflect.NativeMethodAccessorImpl.invoke(Ljava/lang/Object;[Ljava/lang/Object;)Ljava/lang/Object;+100
j  sun.reflect.DelegatingMethodAccessorImpl.invoke(Ljava/lang/Object;[Ljava/lang/Object;)Ljava/lang/Object;+6
j  java.lang.reflect.Method.invoke(Ljava/lang/Object;[Ljava/lang/Object;)Ljava/lang/Object;+56
j  clojure.lang.Reflector.invokeMatchingMethod(Ljava/lang/String;Ljava/util/List;Ljava/lang/Object;[Ljava/lang/Object;)Ljava/lang/Object;+243
j  clojure.lang.Reflector.invokeStaticMethod(Ljava/lang/Class;Ljava/lang/String;[Ljava/lang/Object;)Ljava/lang/Object;+28
v  ~StubRoutines::call_stub
j  sun.reflect.NativeMethodAccessorImpl.invoke0(Ljava/lang/reflect/Method;Ljava/lang/Object;[Ljava/lang/Object;)Ljava/lang/Object;+0
j  sun.reflect.NativeMethodAccessorImpl.invoke(Ljava/lang/Object;[Ljava/lang/Object;)Ljava/lang/Object;+100
j  sun.reflect.DelegatingMethodAccessorImpl.invoke(Ljava/lang/Object;[Ljava/lang/Object;)Ljava/lang/Object;+6
j  java.lang.reflect.Method.invoke(Ljava/lang/Object;[Ljava/lang/Object;)Ljava/lang/Object;+56
j  clojure.lang.Reflector.invokeMatchingMethod(Ljava/lang/String;Ljava/util/List;Ljava/lang/Object;[Ljava/lang/Object;)Ljava/lang/Object;+243
j  clojure.lang.Reflector.invokeStaticMethod(Ljava/lang/Class;Ljava/lang/String;[Ljava/lang/Object;)Ljava/lang/Object;+28
j  user$eval5.invokeStatic()Ljava/lang/Object;+204
j  user$eval5.invoke()Ljava/lang/Object;+0
j  clojure.lang.Compiler.eval(Ljava/lang/Object;Z)Ljava/lang/Object;+322
j  clojure.lang.Compiler.eval(Ljava/lang/Object;Z)Ljava/lang/Object;+208
j  clojure.lang.Compiler.load(Ljava/io/Reader;Ljava/lang/String;Ljava/lang/String;)Ljava/lang/Object;+354
j  clojure.lang.Compiler.loadFile(Ljava/lang/String;)Ljava/lang/Object;+42
j  clojure.main$load_script.invokeStatic(Ljava/lang/Object;)Ljava/lang/Object;+67
j  clojure.main$init_opt.invokeStatic(Ljava/lang/Object;)Ljava/lang/Object;+3
j  clojure.main$init_opt.invoke(Ljava/lang/Object;)Ljava/lang/Object;+3
j  clojure.main$initialize.invokeStatic(Ljava/lang/Object;Ljava/lang/Object;)Ljava/lang/Object;+110
j  clojure.main$null_opt.invokeStatic(Ljava/lang/Object;Ljava/lang/Object;)Ljava/lang/Object;+274
j  clojure.main$null_opt.invoke(Ljava/lang/Object;Ljava/lang/Object;)Ljava/lang/Object;+6
j  clojure.main$main.invokeStatic(Lclojure/lang/ISeq;)Ljava/lang/Object;+197
j  clojure.main$main.doInvoke(Ljava/lang/Object;)Ljava/lang/Object;+6
j  clojure.lang.RestFn.invoke(Ljava/lang/Object;Ljava/lang/Object;)Ljava/lang/Object;+60
j  clojure.lang.Var.invoke(Ljava/lang/Object;Ljava/lang/Object;)Ljava/lang/Object;+18
J 473 C1 clojure.lang.AFn.applyToHelper(Lclojure/lang/IFn;Lclojure/lang/ISeq;)Ljava/lang/Object; (3238 bytes) @ 0x000000011288a92c [0x00000001128756c0+0x1526c]
j  clojure.lang.Var.applyTo(Lclojure/lang/ISeq;)Ljava/lang/Object;+2
j  clojure.main.main([Ljava/lang/String;)V+17
v  ~StubRoutines::call_stub

---------------  P R O C E S S  ---------------

Java Threads: ( => current thread )
  0x00007f96bd1aa000 JavaThread "Thread-1" daemon [_thread_blocked, id=21763, stack(0x0000700003ac7000,0x0000700003bc7000)]
  0x00007f96b884c000 JavaThread "Service Thread" daemon [_thread_blocked, id=15875, stack(0x00007000038c1000,0x00007000039c1000)]
  0x00007f96b703b800 JavaThread "C1 CompilerThread3" daemon [_thread_blocked, id=16899, stack(0x00007000037be000,0x00007000038be000)]
  0x00007f96b784d000 JavaThread "C2 CompilerThread2" daemon [_thread_in_native, id=17411, stack(0x00007000036bb000,0x00007000037bb000)]
  0x00007f96b7838000 JavaThread "C2 CompilerThread1" daemon [_thread_in_native, id=15107, stack(0x00007000035b8000,0x00007000036b8000)]
  0x00007f96b883c800 JavaThread "C2 CompilerThread0" daemon [_thread_blocked, id=17923, stack(0x00007000034b5000,0x00007000035b5000)]
  0x00007f96b881b000 JavaThread "Signal Dispatcher" daemon [_thread_blocked, id=18443, stack(0x00007000033b2000,0x00007000034b2000)]
  0x00007f96b8807000 JavaThread "Finalizer" daemon [_thread_blocked, id=19971, stack(0x00007000032af000,0x00007000033af000)]
  0x00007f96b8804000 JavaThread "Reference Handler" daemon [_thread_blocked, id=13059, stack(0x00007000031ac000,0x00007000032ac000)]
=>0x00007f96b7802000 JavaThread "main" [_thread_in_native, id=6403, stack(0x000070000278e000,0x000070000288e000)]

Other Threads:
  0x00007f96b703b000 VMThread [stack: 0x00007000030a9000,0x00007000031a9000] [id=20483]
  0x00007f96b8809800 WatcherThread [stack: 0x00007000039c4000,0x0000700003ac4000] [id=16643]

VM state:not at safepoint (normal execution)

VM Mutex/Monitor currently owned by a thread: None

Heap:
 PSYoungGen      total 262144K, used 150278K [0x00000007aab00000, 0x00000007bfe80000, 0x00000007c0000000)
  eden space 251392K, 57% used [0x00000007aab00000,0x00000007b37f51e8,0x00000007ba080000)
  from space 10752K, 55% used [0x00000007ba080000,0x00000007ba64c7d0,0x00000007bab00000)
  to   space 10240K, 0% used [0x00000007bf480000,0x00000007bf480000,0x00000007bfe80000)
 ParOldGen       total 162304K, used 10661K [0x0000000780000000, 0x0000000789e80000, 0x00000007aab00000)
  object space 162304K, 6% used [0x0000000780000000,0x0000000780a69670,0x0000000789e80000)
 Metaspace       used 31960K, capacity 42421K, committed 42624K, reserved 1081344K
  class space    used 7550K, capacity 10760K, committed 10880K, reserved 1048576K

Card table byte_map: [0x000000010fdac000,0x000000010ffad000] byte_map_base: 0x000000010c1ac000

Marking Bits: (ParMarkBitMap*) 0x000000010f2f66c0
 Begin Bits: [0x0000000110103000, 0x0000000111103000)
 End Bits:   [0x0000000111103000, 0x0000000112103000)

Polling page: 0x000000010d9e3000

CodeCache: size=245760Kb used=13536Kb max_used=15275Kb free=232223Kb
 bounds [0x000000011260e000, 0x000000011350e000, 0x000000012160e000]
 total_blobs=3437 nmethods=3064 adapters=286
 compilation: enabled

Compilation events (10 events):
Event: 1309.467 Thread 0x00007f96b883c800 3948       4       clojure.lang.Numbers$LongOps::inc (13 bytes)
Event: 1309.467 Thread 0x00007f96b703b800 nmethod 3945 0x0000000112c8c5d0 code [0x0000000112c8cb40, 0x0000000112c90cf8]
Event: 1309.467 Thread 0x00007f96b784d000 3949       4       clojure.core$update_in::doInvoke (21 bytes)
Event: 1309.468 Thread 0x00007f96b703b800 3944       3       clojure.core$subs::invoke (10 bytes)
Event: 1309.468 Thread 0x00007f96b703b800 nmethod 3944 0x00000001128af450 code [0x00000001128af5e0, 0x00000001128afa58]
Event: 1309.468 Thread 0x00007f96b703b800 3946       3       clojure.string$last_index_of::invokeStatic (70 bytes)
Event: 1309.469 Thread 0x00007f96b703b800 nmethod 3946 0x0000000113126150 code [0x0000000113126360, 0x0000000113127098]
Event: 1309.469 Thread 0x00007f96b883c800 nmethod 3948 0x000000011272c550 code [0x000000011272c6c0, 0x000000011272c878]
Event: 1309.469 Thread 0x00007f96b703b800 3950       3       cljs.js_deps$build_index$fn__549::invoke (295 bytes)
Event: 1309.472 Thread 0x00007f96b703b800 nmethod 3950 0x0000000112bc3d10 code [0x0000000112bc42a0, 0x0000000112bc8728]

GC Heap History (10 events):
Event: 2.933 GC heap before
{Heap before GC invocations=5 (full 1):
 PSYoungGen      total 141824K, used 131072K [0x00000007aab00000, 0x00000007bc000000, 0x00000007c0000000)
  eden space 131072K, 100% used [0x00000007aab00000,0x00000007b2b00000,0x00000007b2b00000)
  from space 10752K, 0% used [0x00000007b2b00000,0x00000007b2b00000,0x00000007b3580000)
  to   space 10752K, 0% used [0x00000007bb580000,0x00000007bb580000,0x00000007bc000000)
 ParOldGen       total 110592K, used 7022K [0x0000000780000000, 0x0000000786c00000, 0x00000007aab00000)
  object space 110592K, 6% used [0x0000000780000000,0x00000007806db868,0x0000000786c00000)
 Metaspace       used 21226K, capacity 25281K, committed 25472K, reserved 1069056K
  class space    used 4831K, capacity 6165K, committed 6272K, reserved 1048576K
Event: 2.937 GC heap after
Heap after GC invocations=5 (full 1):
 PSYoungGen      total 183296K, used 1241K [0x00000007aab00000, 0x00000007bb700000, 0x00000007c0000000)
  eden space 181760K, 0% used [0x00000007aab00000,0x00000007aab00000,0x00000007b5c80000)
  from space 1536K, 80% used [0x00000007bb580000,0x00000007bb6b66e0,0x00000007bb700000)
  to   space 10752K, 0% used [0x00000007ba200000,0x00000007ba200000,0x00000007bac80000)
 ParOldGen       total 110592K, used 7030K [0x0000000780000000, 0x0000000786c00000, 0x00000007aab00000)
  object space 110592K, 6% used [0x0000000780000000,0x00000007806dd868,0x0000000786c00000)
 Metaspace       used 21226K, capacity 25281K, committed 25472K, reserved 1069056K
  class space    used 4831K, capacity 6165K, committed 6272K, reserved 1048576K
}
Event: 3.927 GC heap before
{Heap before GC invocations=6 (full 1):
 PSYoungGen      total 183296K, used 183001K [0x00000007aab00000, 0x00000007bb700000, 0x00000007c0000000)
  eden space 181760K, 100% used [0x00000007aab00000,0x00000007b5c80000,0x00000007b5c80000)
  from space 1536K, 80% used [0x00000007bb580000,0x00000007bb6b66e0,0x00000007bb700000)
  to   space 10752K, 0% used [0x00000007ba200000,0x00000007ba200000,0x00000007bac80000)
 ParOldGen       total 110592K, used 7030K [0x0000000780000000, 0x0000000786c00000, 0x00000007aab00000)
  object space 110592K, 6% used [0x0000000780000000,0x00000007806dd868,0x0000000786c00000)
 Metaspace       used 27431K, capacity 34983K, committed 35072K, reserved 1075200K
  class space    used 6446K, capacity 8907K, committed 8960K, reserved 1048576K
Event: 3.934 GC heap after
Heap after GC invocations=6 (full 1):
 PSYoungGen      total 255488K, used 6161K [0x00000007aab00000, 0x00000007bb600000, 0x00000007c0000000)
  eden space 248832K, 0% used [0x00000007aab00000,0x00000007aab00000,0x00000007b9e00000)
  from space 6656K, 92% used [0x00000007ba200000,0x00000007ba8045a0,0x00000007ba880000)
  to   space 11264K, 0% used [0x00000007bab00000,0x00000007bab00000,0x00000007bb600000)
 ParOldGen       total 110592K, used 7038K [0x0000000780000000, 0x0000000786c00000, 0x00000007aab00000)
  object space 110592K, 6% used [0x0000000780000000,0x00000007806df868,0x0000000786c00000)
 Metaspace       used 27431K, capacity 34983K, committed 35072K, reserved 1075200K
  class space    used 6446K, capacity 8907K, committed 8960K, reserved 1048576K
}
Event: 3.994 GC heap before
{Heap before GC invocations=7 (full 1):
 PSYoungGen      total 255488K, used 20788K [0x00000007aab00000, 0x00000007bb600000, 0x00000007c0000000)
  eden space 248832K, 5% used [0x00000007aab00000,0x00000007ab948c10,0x00000007b9e00000)
  from space 6656K, 92% used [0x00000007ba200000,0x00000007ba8045a0,0x00000007ba880000)
  to   space 11264K, 0% used [0x00000007bab00000,0x00000007bab00000,0x00000007bb600000)
 ParOldGen       total 110592K, used 7038K [0x0000000780000000, 0x0000000786c00000, 0x00000007aab00000)
  object space 110592K, 6% used [0x0000000780000000,0x00000007806df868,0x0000000786c00000)
 Metaspace       used 27720K, capacity 35439K, committed 35496K, reserved 1075200K
  class space    used 6529K, capacity 9031K, committed 9088K, reserved 1048576K
Event: 3.999 GC heap after
Heap after GC invocations=7 (full 1):
 PSYoungGen      total 262656K, used 4288K [0x00000007aab00000, 0x00000007c0000000, 0x00000007c0000000)
  eden space 251392K, 0% used [0x00000007aab00000,0x00000007aab00000,0x00000007ba080000)
  from space 11264K, 38% used [0x00000007bab00000,0x00000007baf30000,0x00000007bb600000)
  to   space 10752K, 0% used [0x00000007ba080000,0x00000007ba080000,0x00000007bab00000)
 ParOldGen       total 110592K, used 7046K [0x0000000780000000, 0x0000000786c00000, 0x00000007aab00000)
  object space 110592K, 6% used [0x0000000780000000,0x00000007806e1868,0x0000000786c00000)
 Metaspace       used 27720K, capacity 35439K, committed 35496K, reserved 1075200K
  class space    used 6529K, capacity 9031K, committed 9088K, reserved 1048576K
}
Event: 3.999 GC heap before
{Heap before GC invocations=8 (full 2):
 PSYoungGen      total 262656K, used 4288K [0x00000007aab00000, 0x00000007c0000000, 0x00000007c0000000)
  eden space 251392K, 0% used [0x00000007aab00000,0x00000007aab00000,0x00000007ba080000)
  from space 11264K, 38% used [0x00000007bab00000,0x00000007baf30000,0x00000007bb600000)
  to   space 10752K, 0% used [0x00000007ba080000,0x00000007ba080000,0x00000007bab00000)
 ParOldGen       total 110592K, used 7046K [0x0000000780000000, 0x0000000786c00000, 0x00000007aab00000)
  object space 110592K, 6% used [0x0000000780000000,0x00000007806e1868,0x0000000786c00000)
 Metaspace       used 27720K, capacity 35439K, committed 35496K, reserved 1075200K
  class space    used 6529K, capacity 9031K, committed 9088K, reserved 1048576K
Event: 4.051 GC heap after
Heap after GC invocations=8 (full 2):
 PSYoungGen      total 262656K, used 0K [0x00000007aab00000, 0x00000007c0000000, 0x00000007c0000000)
  eden space 251392K, 0% used [0x00000007aab00000,0x00000007aab00000,0x00000007ba080000)
  from space 11264K, 0% used [0x00000007bab00000,0x00000007bab00000,0x00000007bb600000)
  to   space 10752K, 0% used [0x00000007ba080000,0x00000007ba080000,0x00000007bab00000)
 ParOldGen       total 162304K, used 10653K [0x0000000780000000, 0x0000000789e80000, 0x00000007aab00000)
  object space 162304K, 6% used [0x0000000780000000,0x0000000780a67670,0x0000000789e80000)
 Metaspace       used 27720K, capacity 35439K, committed 35496K, reserved 1075200K
  class space    used 6529K, capacity 9031K, committed 9088K, reserved 1048576K
}
Event: 5.106 GC heap before
{Heap before GC invocations=9 (full 2):
 PSYoungGen      total 262656K, used 251392K [0x00000007aab00000, 0x00000007c0000000, 0x00000007c0000000)
  eden space 251392K, 100% used [0x00000007aab00000,0x00000007ba080000,0x00000007ba080000)
  from space 11264K, 0% used [0x00000007bab00000,0x00000007bab00000,0x00000007bb600000)
  to   space 10752K, 0% used [0x00000007ba080000,0x00000007ba080000,0x00000007bab00000)
 ParOldGen       total 162304K, used 10653K [0x0000000780000000, 0x0000000789e80000, 0x00000007aab00000)
  object space 162304K, 6% used [0x0000000780000000,0x0000000780a67670,0x0000000789e80000)
 Metaspace       used 31464K, capacity 41891K, committed 41984K, reserved 1081344K
  class space    used 7524K, capacity 10727K, committed 10752K, reserved 1048576K
Event: 5.110 GC heap after
Heap after GC invocations=9 (full 2):
 PSYoungGen      total 262144K, used 5937K [0x00000007aab00000, 0x00000007bfe80000, 0x00000007c0000000)
  eden space 251392K, 0% used [0x00000007aab00000,0x00000007aab00000,0x00000007ba080000)
  from space 10752K, 55% used [0x00000007ba080000,0x00000007ba64c7d0,0x00000007bab00000)
  to   space 10240K, 0% used [0x00000007bf480000,0x00000007bf480000,0x00000007bfe80000)
 ParOldGen       total 162304K, used 10661K [0x0000000780000000, 0x0000000789e80000, 0x00000007aab00000)
  object space 162304K, 6% used [0x0000000780000000,0x0000000780a69670,0x0000000789e80000)
 Metaspace       used 31464K, capacity 41891K, committed 41984K, reserved 1081344K
  class space    used 7524K, capacity 10727K, committed 10752K, reserved 1048576K
}

Deoptimization events (10 events):
Event: 1309.459 Thread 0x00007f96bd1aa000 Uncommon trap: reason=unstable_if action=reinterpret pc=0x00000001128b9adc method=sun.nio.fs.UnixPath.initOffsets()V @ 4
Event: 1309.459 Thread 0x00007f96b7802000 Uncommon trap: reason=null_assert action=make_not_entrant pc=0x00000001134ebeb4 method=java.util.concurrent.LinkedBlockingDeque.unlinkFirst()Ljava/lang/Object; @ 4
Event: 1309.459 Thread 0x00007f96b7802000 Uncommon trap: reason=unstable_if action=reinterpret pc=0x0000000112c447ec method=clojure.lang.Reflector.getAsMethodOfPublicBase(Ljava/lang/Class;Ljava/lang/reflect/Method;)Ljava/lang/reflect/Method; @ 58
Event: 1309.459 Thread 0x00007f96bd1aa000 Uncommon trap: reason=unstable_if action=reinterpret pc=0x0000000112868794 method=sun.nio.fs.UnixPath.initOffsets()V @ 4
Event: 1309.459 Thread 0x00007f96b7802000 Uncommon trap: reason=class_check action=maybe_recompile pc=0x0000000112f6dee8 method=clojure.lang.RT.chunkIteratorSeq(Ljava/util/Iterator;)Lclojure/lang/ISeq; @ 1
Event: 1309.460 Thread 0x00007f96b7802000 Uncommon trap: reason=class_check action=maybe_recompile pc=0x0000000112f6dee8 method=clojure.lang.RT.chunkIteratorSeq(Ljava/util/Iterator;)Lclojure/lang/ISeq; @ 1
Event: 1309.470 Thread 0x00007f96b7802000 Uncommon trap: reason=bimorphic action=maybe_recompile pc=0x0000000112d6d8a8 method=clojure.lang.RT.first(Ljava/lang/Object;)Ljava/lang/Object; @ 29
Event: 1309.470 Thread 0x00007f96b7802000 Uncommon trap: reason=bimorphic action=maybe_recompile pc=0x0000000112d6d8a8 method=clojure.lang.RT.first(Ljava/lang/Object;)Ljava/lang/Object; @ 29
Event: 1309.470 Thread 0x00007f96b7802000 Uncommon trap: reason=bimorphic action=maybe_recompile pc=0x0000000112d6d8a8 method=clojure.lang.RT.first(Ljava/lang/Object;)Ljava/lang/Object; @ 29
Event: 1309.470 Thread 0x00007f96b7802000 Uncommon trap: reason=bimorphic action=maybe_recompile pc=0x0000000112d6d8a8 method=clojure.lang.RT.first(Ljava/lang/Object;)Ljava/lang/Object; @ 29

Classes redefined (0 events):
No events

Internal exceptions (10 events):
Event: 0.705 Thread 0x00007f96b7802000 Implicit null exception at 0x000000011291d3d0 to 0x000000011291d5a1
Event: 0.924 Thread 0x00007f96b7802000 Implicit null exception at 0x00000001129b28c7 to 0x00000001129b29dd
Event: 0.936 Thread 0x00007f96b7802000 Implicit null exception at 0x00000001128e70cf to 0x00000001128e71b5
Event: 1.226 Thread 0x00007f96b7802000 Implicit null exception at 0x0000000112b6620c to 0x0000000112b6835d
Event: 2.947 Thread 0x00007f96b7802000 Implicit null exception at 0x0000000113117c6f to 0x0000000113117f7d
Event: 4.122 Thread 0x00007f96b7802000 Implicit null exception at 0x0000000112a1141a to 0x0000000112a11f5d
Event: 4.849 Thread 0x00007f96b7802000 Implicit null exception at 0x0000000112a589f4 to 0x0000000112a59121
Event: 4.864 Thread 0x00007f96b7802000 Implicit null exception at 0x0000000112907c75 to 0x0000000112908035
Event: 4.864 Thread 0x00007f96b7802000 Implicit null exception at 0x00000001127acaf6 to 0x00000001127aceb5
Event: 5.335 Thread 0x00007f96b7802000 Implicit null exception at 0x0000000112aa5cf4 to 0x0000000112aa5ec1

Events (10 events):
Event: 1309.470 Thread 0x00007f96b7802000 DEOPT UNPACKING pc=0x0000000112613229 sp=0x00007000028888b0 mode 2
Event: 1309.470 Thread 0x00007f96b7802000 Uncommon trap: trap_request=0xffffffc6 fr.pc=0x0000000112d6d8a8
Event: 1309.470 Thread 0x00007f96b7802000 DEOPT PACKING pc=0x0000000112d6d8a8 sp=0x00007000028889a0
Event: 1309.470 Thread 0x00007f96b7802000 DEOPT UNPACKING pc=0x0000000112613229 sp=0x00007000028888b0 mode 2
Event: 1309.470 Thread 0x00007f96b7802000 Uncommon trap: trap_request=0xffffffc6 fr.pc=0x0000000112d6d8a8
Event: 1309.470 Thread 0x00007f96b7802000 DEOPT PACKING pc=0x0000000112d6d8a8 sp=0x00007000028889a0
Event: 1309.470 Thread 0x00007f96b7802000 DEOPT UNPACKING pc=0x0000000112613229 sp=0x00007000028888b0 mode 2
Event: 1309.470 Thread 0x00007f96b7802000 Uncommon trap: trap_request=0xffffffc6 fr.pc=0x0000000112d6d8a8
Event: 1309.470 Thread 0x00007f96b7802000 DEOPT PACKING pc=0x0000000112d6d8a8 sp=0x00007000028889a0
Event: 1309.470 Thread 0x00007f96b7802000 DEOPT UNPACKING pc=0x0000000112613229 sp=0x00007000028888b0 mode 2


Dynamic libraries:
0x000000002ff8f000 	/System/Library/Frameworks/Cocoa.framework/Versions/A/Cocoa
0x000000002ff8f000 	/System/Library/Frameworks/Security.framework/Versions/A/Security
0x000000002ff8f000 	/System/Library/Frameworks/ApplicationServices.framework/Versions/A/ApplicationServices
0x000000002ff8f000 	/usr/lib/libz.1.dylib
0x000000002ff8f000 	/usr/lib/libSystem.B.dylib
0x000000002ff8f000 	/usr/lib/libobjc.A.dylib
0x000000002ff8f000 	/System/Library/Frameworks/CoreFoundation.framework/Versions/A/CoreFoundation
0x000000002ff8f000 	/System/Library/Frameworks/Foundation.framework/Versions/C/Foundation
0x000000002ff8f000 	/System/Library/Frameworks/AppKit.framework/Versions/C/AppKit
0x000000002ff8f000 	/System/Library/Frameworks/CoreData.framework/Versions/A/CoreData
0x000000002ff8f000 	/System/Library/PrivateFrameworks/RemoteViewServices.framework/Versions/A/RemoteViewServices
0x000000002ff8f000 	/System/Library/PrivateFrameworks/UIFoundation.framework/Versions/A/UIFoundation
0x000000002ff8f000 	/System/Library/PrivateFrameworks/DFRFoundation.framework/Versions/A/DFRFoundation
0x000000002ff8f000 	/System/Library/Frameworks/Metal.framework/Versions/A/Metal
0x000000002ff8f000 	/System/Library/PrivateFrameworks/DesktopServicesPriv.framework/Versions/A/DesktopServicesPriv
0x000000002ff8f000 	/usr/lib/libenergytrace.dylib
0x000000002ff8f000 	/System/Library/PrivateFrameworks/SkyLight.framework/Versions/A/SkyLight
0x000000002ff8f000 	/System/Library/Frameworks/CoreGraphics.framework/Versions/A/CoreGraphics
0x000000002ff8f000 	/usr/lib/libScreenReader.dylib
0x000000002ff8f000 	/System/Library/Frameworks/Accelerate.framework/Versions/A/Accelerate
0x000000002ff8f000 	/System/Library/Frameworks/IOSurface.framework/Versions/A/IOSurface
0x000000002ff8f000 	/System/Library/Frameworks/AudioToolbox.framework/Versions/A/AudioToolbox
0x000000002ff8f000 	/System/Library/Frameworks/AudioUnit.framework/Versions/A/AudioUnit
0x000000002ff8f000 	/System/Library/PrivateFrameworks/DataDetectorsCore.framework/Versions/A/DataDetectorsCore
0x000000002ff8f000 	/System/Library/Frameworks/Carbon.framework/Versions/A/Frameworks/HIToolbox.framework/Versions/A/HIToolbox
0x000000002ff8f000 	/usr/lib/libicucore.A.dylib
0x000000002ff8f000 	/System/Library/Frameworks/QuartzCore.framework/Versions/A/QuartzCore
0x000000002ff8f000 	/System/Library/Frameworks/Carbon.framework/Versions/A/Frameworks/SpeechRecognition.framework/Versions/A/SpeechRecognition
0x000000002ff8f000 	/usr/lib/libauto.dylib
0x000000002ff8f000 	/usr/lib/libxml2.2.dylib
0x000000002ff8f000 	/System/Library/PrivateFrameworks/CoreUI.framework/Versions/A/CoreUI
0x000000002ff8f000 	/System/Library/Frameworks/CoreAudio.framework/Versions/A/CoreAudio
0x000000002ff8f000 	/System/Library/Frameworks/DiskArbitration.framework/Versions/A/DiskArbitration
0x000000002ff8f000 	/usr/lib/liblangid.dylib
0x000000002ff8f000 	/System/Library/PrivateFrameworks/MultitouchSupport.framework/Versions/A/MultitouchSupport
0x000000002ff8f000 	/System/Library/Frameworks/IOKit.framework/Versions/A/IOKit
0x000000002ff8f000 	/usr/lib/libDiagnosticMessagesClient.dylib
0x000000002ff8f000 	/System/Library/Frameworks/CoreServices.framework/Versions/A/CoreServices
0x000000002ff8f000 	/System/Library/PrivateFrameworks/PerformanceAnalysis.framework/Versions/A/PerformanceAnalysis
0x000000002ff8f000 	/System/Library/Frameworks/OpenGL.framework/Versions/A/OpenGL
0x000000002ff8f000 	/System/Library/Frameworks/ColorSync.framework/Versions/A/ColorSync
0x000000002ff8f000 	/System/Library/Frameworks/CoreImage.framework/Versions/A/CoreImage
0x000000002ff8f000 	/System/Library/Frameworks/CoreText.framework/Versions/A/CoreText
0x000000002ff8f000 	/System/Library/Frameworks/ImageIO.framework/Versions/A/ImageIO
0x000000002ff8f000 	/System/Library/PrivateFrameworks/Backup.framework/Versions/A/Backup
0x000000002ff8f000 	/usr/lib/libarchive.2.dylib
0x000000002ff8f000 	/System/Library/Frameworks/CFNetwork.framework/Versions/A/CFNetwork
0x000000002ff8f000 	/System/Library/Frameworks/SystemConfiguration.framework/Versions/A/SystemConfiguration
0x000000002ff8f000 	/usr/lib/libCRFSuite.dylib
0x000000002ff8f000 	/usr/lib/libc++.1.dylib
0x000000002ff8f000 	/usr/lib/libc++abi.dylib
0x000000002ff8f000 	/usr/lib/system/libcache.dylib
0x000000002ff8f000 	/usr/lib/system/libcommonCrypto.dylib
0x000000002ff8f000 	/usr/lib/system/libcompiler_rt.dylib
0x000000002ff8f000 	/usr/lib/system/libcopyfile.dylib
0x000000002ff8f000 	/usr/lib/system/libcorecrypto.dylib
0x000000002ff8f000 	/usr/lib/system/libdispatch.dylib
0x000000002ff8f000 	/usr/lib/system/libdyld.dylib
0x000000002ff8f000 	/usr/lib/system/libkeymgr.dylib
0x000000002ff8f000 	/usr/lib/system/liblaunch.dylib
0x000000002ff8f000 	/usr/lib/system/libmacho.dylib
0x000000002ff8f000 	/usr/lib/system/libquarantine.dylib
0x000000002ff8f000 	/usr/lib/system/libremovefile.dylib
0x000000002ff8f000 	/usr/lib/system/libsystem_asl.dylib
0x000000002ff8f000 	/usr/lib/system/libsystem_blocks.dylib
0x000000002ff8f000 	/usr/lib/system/libsystem_c.dylib
0x000000002ff8f000 	/usr/lib/system/libsystem_configuration.dylib
0x000000002ff8f000 	/usr/lib/system/libsystem_coreservices.dylib
0x000000002ff8f000 	/usr/lib/system/libsystem_darwin.dylib
0x000000002ff8f000 	/usr/lib/system/libsystem_dnssd.dylib
0x000000002ff8f000 	/usr/lib/system/libsystem_info.dylib
0x000000002ff8f000 	/usr/lib/system/libsystem_m.dylib
0x000000002ff8f000 	/usr/lib/system/libsystem_malloc.dylib
0x000000002ff8f000 	/usr/lib/system/libsystem_network.dylib
0x000000002ff8f000 	/usr/lib/system/libsystem_networkextension.dylib
0x000000002ff8f000 	/usr/lib/system/libsystem_notify.dylib
0x000000002ff8f000 	/usr/lib/system/libsystem_sandbox.dylib
0x000000002ff8f000 	/usr/lib/system/libsystem_secinit.dylib
0x000000002ff8f000 	/usr/lib/system/libsystem_kernel.dylib
0x000000002ff8f000 	/usr/lib/system/libsystem_platform.dylib
0x000000002ff8f000 	/usr/lib/system/libsystem_pthread.dylib
0x000000002ff8f000 	/usr/lib/system/libsystem_symptoms.dylib
0x000000002ff8f000 	/usr/lib/system/libsystem_trace.dylib
0x000000002ff8f000 	/usr/lib/system/libunwind.dylib
0x000000002ff8f000 	/usr/lib/system/libxpc.dylib
0x000000002ff8f000 	/usr/lib/closure/libclosured.dylib
0x000000002ff8f000 	/usr/lib/libbsm.0.dylib
0x000000002ff8f000 	/usr/lib/system/libkxld.dylib
0x000000002ff8f000 	/usr/lib/libOpenScriptingUtil.dylib
0x000000002ff8f000 	/usr/lib/libcoretls.dylib
0x000000002ff8f000 	/usr/lib/libcoretls_cfhelpers.dylib
0x000000002ff8f000 	/usr/lib/libpam.2.dylib
0x000000002ff8f000 	/usr/lib/libsqlite3.dylib
0x000000002ff8f000 	/usr/lib/libxar.1.dylib
0x000000002ff8f000 	/usr/lib/libbz2.1.0.dylib
0x000000002ff8f000 	/usr/lib/liblzma.5.dylib
0x000000002ff8f000 	/usr/lib/libnetwork.dylib
0x000000002ff8f000 	/usr/lib/libapple_nghttp2.dylib
0x000000002ff8f000 	/usr/lib/libpcap.A.dylib
0x000000002ff8f000 	/usr/lib/libboringssl.dylib
0x000000002ff8f000 	/usr/lib/libusrtcp.dylib
0x000000002ff8f000 	/usr/lib/libapple_crypto.dylib
0x000000002ff8f000 	/System/Library/Frameworks/CoreServices.framework/Versions/A/Frameworks/FSEvents.framework/Versions/A/FSEvents
0x000000002ff8f000 	/System/Library/Frameworks/CoreServices.framework/Versions/A/Frameworks/CarbonCore.framework/Versions/A/CarbonCore
0x000000002ff8f000 	/System/Library/Frameworks/CoreServices.framework/Versions/A/Frameworks/Metadata.framework/Versions/A/Metadata
0x000000002ff8f000 	/System/Library/Frameworks/CoreServices.framework/Versions/A/Frameworks/OSServices.framework/Versions/A/OSServices
0x000000002ff8f000 	/System/Library/Frameworks/CoreServices.framework/Versions/A/Frameworks/SearchKit.framework/Versions/A/SearchKit
0x000000002ff8f000 	/System/Library/Frameworks/CoreServices.framework/Versions/A/Frameworks/AE.framework/Versions/A/AE
0x000000002ff8f000 	/System/Library/Frameworks/CoreServices.framework/Versions/A/Frameworks/LaunchServices.framework/Versions/A/LaunchServices
0x000000002ff8f000 	/System/Library/Frameworks/CoreServices.framework/Versions/A/Frameworks/DictionaryServices.framework/Versions/A/DictionaryServices
0x000000002ff8f000 	/System/Library/Frameworks/CoreServices.framework/Versions/A/Frameworks/SharedFileList.framework/Versions/A/SharedFileList
0x000000002ff8f000 	/System/Library/Frameworks/NetFS.framework/Versions/A/NetFS
0x000000002ff8f000 	/System/Library/PrivateFrameworks/NetAuth.framework/Versions/A/NetAuth
0x000000002ff8f000 	/System/Library/PrivateFrameworks/login.framework/Versions/A/Frameworks/loginsupport.framework/Versions/A/loginsupport
0x000000002ff8f000 	/System/Library/PrivateFrameworks/TCC.framework/Versions/A/TCC
0x000000002ff8f000 	/usr/lib/libmecabra.dylib
0x000000002ff8f000 	/System/Library/Frameworks/ApplicationServices.framework/Versions/A/Frameworks/ATS.framework/Versions/A/ATS
0x000000002ff8f000 	/System/Library/Frameworks/ApplicationServices.framework/Versions/A/Frameworks/ColorSyncLegacy.framework/Versions/A/ColorSyncLegacy
0x000000002ff8f000 	/System/Library/Frameworks/ApplicationServices.framework/Versions/A/Frameworks/HIServices.framework/Versions/A/HIServices
0x000000002ff8f000 	/System/Library/Frameworks/ApplicationServices.framework/Versions/A/Frameworks/LangAnalysis.framework/Versions/A/LangAnalysis
0x000000002ff8f000 	/System/Library/Frameworks/ApplicationServices.framework/Versions/A/Frameworks/PrintCore.framework/Versions/A/PrintCore
0x000000002ff8f000 	/System/Library/Frameworks/ApplicationServices.framework/Versions/A/Frameworks/QD.framework/Versions/A/QD
0x000000002ff8f000 	/System/Library/Frameworks/ApplicationServices.framework/Versions/A/Frameworks/SpeechSynthesis.framework/Versions/A/SpeechSynthesis
0x000000002ff8f000 	/System/Library/Frameworks/CoreDisplay.framework/Versions/A/CoreDisplay
0x000000002ff8f000 	/System/Library/Frameworks/Accelerate.framework/Versions/A/Frameworks/vImage.framework/Versions/A/vImage
0x000000002ff8f000 	/System/Library/Frameworks/Accelerate.framework/Versions/A/Frameworks/vecLib.framework/Versions/A/vecLib
0x000000002ff8f000 	/System/Library/Frameworks/Accelerate.framework/Versions/A/Frameworks/vecLib.framework/Versions/A/libvDSP.dylib
0x000000002ff8f000 	/System/Library/Frameworks/Accelerate.framework/Versions/A/Frameworks/vecLib.framework/Versions/A/libBNNS.dylib
0x000000002ff8f000 	/System/Library/Frameworks/Accelerate.framework/Versions/A/Frameworks/vecLib.framework/Versions/A/libQuadrature.dylib
0x000000002ff8f000 	/System/Library/Frameworks/Accelerate.framework/Versions/A/Frameworks/vecLib.framework/Versions/A/libvMisc.dylib
0x000000002ff8f000 	/System/Library/Frameworks/Accelerate.framework/Versions/A/Frameworks/vecLib.framework/Versions/A/libLAPACK.dylib
0x000000002ff8f000 	/System/Library/Frameworks/Accelerate.framework/Versions/A/Frameworks/vecLib.framework/Versions/A/libBLAS.dylib
0x000000002ff8f000 	/System/Library/Frameworks/Accelerate.framework/Versions/A/Frameworks/vecLib.framework/Versions/A/libLinearAlgebra.dylib
0x000000002ff8f000 	/System/Library/Frameworks/Accelerate.framework/Versions/A/Frameworks/vecLib.framework/Versions/A/libSparse.dylib
0x000000002ff8f000 	/System/Library/Frameworks/Accelerate.framework/Versions/A/Frameworks/vecLib.framework/Versions/A/libSparseBLAS.dylib
0x000000002ff8f000 	/System/Library/PrivateFrameworks/IOAccelerator.framework/Versions/A/IOAccelerator
0x000000002ff8f000 	/System/Library/PrivateFrameworks/IOPresentment.framework/Versions/A/IOPresentment
0x000000002ff8f000 	/System/Library/PrivateFrameworks/DSExternalDisplay.framework/Versions/A/DSExternalDisplay
0x000000002ff8f000 	/System/Library/Frameworks/OpenGL.framework/Versions/A/Libraries/libCoreFSCache.dylib
0x000000002ff8f000 	/System/Library/Frameworks/CoreVideo.framework/Versions/A/CoreVideo
0x000000002ff8f000 	/System/Library/PrivateFrameworks/GraphVisualizer.framework/Versions/A/GraphVisualizer
0x000000002ff8f000 	/System/Library/Frameworks/MetalPerformanceShaders.framework/Versions/A/MetalPerformanceShaders
0x000000002ff8f000 	/usr/lib/libFosl_dynamic.dylib
0x000000002ff8f000 	/System/Library/PrivateFrameworks/FaceCore.framework/Versions/A/FaceCore
0x000000002ff8f000 	/System/Library/Frameworks/OpenCL.framework/Versions/A/OpenCL
0x000000002ff8f000 	/usr/lib/libcompression.dylib
0x000000002ff8f000 	/System/Library/Frameworks/ApplicationServices.framework/Versions/A/Frameworks/ATS.framework/Versions/A/Resources/libFontParser.dylib
0x000000002ff8f000 	/System/Library/Frameworks/ApplicationServices.framework/Versions/A/Frameworks/ATS.framework/Versions/A/Resources/libFontRegistry.dylib
0x000000002ff8f000 	/System/Library/Frameworks/ImageIO.framework/Versions/A/Resources/libJPEG.dylib
0x000000002ff8f000 	/System/Library/Frameworks/ImageIO.framework/Versions/A/Resources/libTIFF.dylib
0x000000002ff8f000 	/System/Library/Frameworks/ImageIO.framework/Versions/A/Resources/libPng.dylib
0x000000002ff8f000 	/System/Library/Frameworks/ImageIO.framework/Versions/A/Resources/libGIF.dylib
0x000000002ff8f000 	/System/Library/Frameworks/ImageIO.framework/Versions/A/Resources/libJP2.dylib
0x000000002ff8f000 	/System/Library/Frameworks/ImageIO.framework/Versions/A/Resources/libRadiance.dylib
0x000000002ff8f000 	/System/Library/PrivateFrameworks/AppleJPEG.framework/Versions/A/AppleJPEG
0x000000002ff8f000 	/System/Library/PrivateFrameworks/MetalTools.framework/Versions/A/MetalTools
0x000000002ff8f000 	/System/Library/Frameworks/MetalPerformanceShaders.framework/Frameworks/MPSCore.framework/Versions/A/MPSCore
0x000000002ff8f000 	/System/Library/Frameworks/MetalPerformanceShaders.framework/Frameworks/MPSImage.framework/Versions/A/MPSImage
0x000000002ff8f000 	/System/Library/Frameworks/MetalPerformanceShaders.framework/Frameworks/MPSMatrix.framework/Versions/A/MPSMatrix
0x000000002ff8f000 	/System/Library/Frameworks/MetalPerformanceShaders.framework/Frameworks/MPSNeuralNetwork.framework/Versions/A/MPSNeuralNetwork
0x000000002ff8f000 	/System/Library/Frameworks/OpenGL.framework/Versions/A/Libraries/libGLU.dylib
0x000000002ff8f000 	/System/Library/Frameworks/OpenGL.framework/Versions/A/Libraries/libGFXShared.dylib
0x000000002ff8f000 	/System/Library/Frameworks/OpenGL.framework/Versions/A/Libraries/libGL.dylib
0x000000002ff8f000 	/System/Library/Frameworks/OpenGL.framework/Versions/A/Libraries/libGLImage.dylib
0x000000002ff8f000 	/System/Library/Frameworks/OpenGL.framework/Versions/A/Libraries/libCVMSPluginSupport.dylib
0x000000002ff8f000 	/System/Library/Frameworks/OpenGL.framework/Versions/A/Libraries/libCoreVMClient.dylib
0x000000002ff8f000 	/usr/lib/libcups.2.dylib
0x000000002ff8f000 	/System/Library/Frameworks/Kerberos.framework/Versions/A/Kerberos
0x000000002ff8f000 	/System/Library/Frameworks/GSS.framework/Versions/A/GSS
0x000000002ff8f000 	/usr/lib/libresolv.9.dylib
0x000000002ff8f000 	/usr/lib/libiconv.2.dylib
0x000000002ff8f000 	/System/Library/PrivateFrameworks/Heimdal.framework/Versions/A/Heimdal
0x000000002ff8f000 	/usr/lib/libheimdal-asn1.dylib
0x000000002ff8f000 	/System/Library/Frameworks/OpenDirectory.framework/Versions/A/OpenDirectory
0x000000002ff8f000 	/System/Library/PrivateFrameworks/CommonAuth.framework/Versions/A/CommonAuth
0x000000002ff8f000 	/System/Library/Frameworks/OpenDirectory.framework/Versions/A/Frameworks/CFOpenDirectory.framework/Versions/A/CFOpenDirectory
0x000000002ff8f000 	/System/Library/Frameworks/SecurityFoundation.framework/Versions/A/SecurityFoundation
0x000000002ff8f000 	/System/Library/PrivateFrameworks/APFS.framework/Versions/A/APFS
0x000000002ff8f000 	/usr/lib/libutil.dylib
0x000000002ff8f000 	/System/Library/PrivateFrameworks/AppleSauce.framework/Versions/A/AppleSauce
0x000000002ff8f000 	/System/Library/PrivateFrameworks/LinguisticData.framework/Versions/A/LinguisticData
0x000000002ff8f000 	/usr/lib/libmarisa.dylib
0x000000002ff8f000 	/System/Library/PrivateFrameworks/Lexicon.framework/Versions/A/Lexicon
0x000000002ff8f000 	/usr/lib/libChineseTokenizer.dylib
0x000000002ff8f000 	/usr/lib/libcmph.dylib
0x000000002ff8f000 	/System/Library/PrivateFrameworks/LanguageModeling.framework/Versions/A/LanguageModeling
0x000000002ff8f000 	/System/Library/PrivateFrameworks/CoreEmoji.framework/Versions/A/CoreEmoji
0x000000002ff8f000 	/System/Library/Frameworks/ServiceManagement.framework/Versions/A/ServiceManagement
0x000000002ff8f000 	/System/Library/PrivateFrameworks/BackgroundTaskManagement.framework/Versions/A/BackgroundTaskManagement
0x000000002ff8f000 	/usr/lib/libxslt.1.dylib
0x000000002ff8f000 	/System/Library/Frameworks/Carbon.framework/Versions/A/Frameworks/Ink.framework/Versions/A/Ink
0x000000002ff8f000 	/System/Library/PrivateFrameworks/TextureIO.framework/Versions/A/TextureIO
0x000000002ff8f000 	/usr/lib/libate.dylib
0x000000002ff8f000 	/System/Library/PrivateFrameworks/CrashReporterSupport.framework/Versions/A/CrashReporterSupport
0x000000002ff8f000 	/System/Library/PrivateFrameworks/Sharing.framework/Versions/A/Sharing
0x000000002ff8f000 	/System/Library/PrivateFrameworks/IconServices.framework/Versions/A/IconServices
0x000000002ff8f000 	/System/Library/PrivateFrameworks/ProtocolBuffer.framework/Versions/A/ProtocolBuffer
0x000000002ff8f000 	/System/Library/PrivateFrameworks/Apple80211.framework/Versions/A/Apple80211
0x000000002ff8f000 	/System/Library/Frameworks/CoreWLAN.framework/Versions/A/CoreWLAN
0x000000002ff8f000 	/System/Library/PrivateFrameworks/CoreUtils.framework/Versions/A/CoreUtils
0x000000002ff8f000 	/System/Library/Frameworks/IOBluetooth.framework/Versions/A/IOBluetooth
0x000000002ff8f000 	/System/Library/PrivateFrameworks/CoreWiFi.framework/Versions/A/CoreWiFi
0x000000002ff8f000 	/System/Library/Frameworks/CoreBluetooth.framework/Versions/A/CoreBluetooth
0x000000002ff8f000 	/System/Library/PrivateFrameworks/SignpostNotification.framework/Versions/A/SignpostNotification
0x000000002ff8f000 	/System/Library/PrivateFrameworks/DebugSymbols.framework/Versions/A/DebugSymbols
0x000000002ff8f000 	/System/Library/PrivateFrameworks/CoreSymbolication.framework/Versions/A/CoreSymbolication
0x000000002ff8f000 	/System/Library/PrivateFrameworks/Symbolication.framework/Versions/A/Symbolication
0x000000002ff8f000 	/System/Library/PrivateFrameworks/AppleFSCompression.framework/Versions/A/AppleFSCompression
0x000000002ff8f000 	/System/Library/PrivateFrameworks/SpeechRecognitionCore.framework/Versions/A/SpeechRecognitionCore
0x000000010ea00000 	/Library/Java/JavaVirtualMachines/jdk1.8.0_152.jdk/Contents/Home/jre/lib/server/libjvm.dylib
0x000000002ff8f000 	/usr/lib/libstdc++.6.0.9.dylib
0x000000010d99f000 	/Library/Java/JavaVirtualMachines/jdk1.8.0_152.jdk/Contents/Home/jre/lib/libverify.dylib
0x000000010d9ad000 	/Library/Java/JavaVirtualMachines/jdk1.8.0_152.jdk/Contents/Home/jre/lib/libjava.dylib
0x000000010d9ed000 	/Library/Java/JavaVirtualMachines/jdk1.8.0_152.jdk/Contents/Home/jre/lib/libzip.dylib
0x0000000125611000 	/Library/Java/JavaVirtualMachines/jdk1.8.0_152.jdk/Contents/Home/jre/lib/libnio.dylib
0x00000001258b0000 	/Library/Java/JavaVirtualMachines/jdk1.8.0_152.jdk/Contents/Home/jre/lib/./libnet.dylib

VM Arguments:
jvm_args: -Dfile.encoding=UTF-8 -Xmx1g -Dclojure.compile.path=/Users/kennethtilton/webmx/cljs/webmx/target/classes -Dwebmx.version=0.1.0-SNAPSHOT -Dclojure.debug=false 
java_command: clojure.main -i /private/var/folders/p7/glb8sl9d6vz8y10f0vw493n00000gn/T/form-init633776768005343421.clj
java_class_path (initial): /Users/kennethtilton/webmx/cljs/webmx/test:/Users/kennethtilton/webmx/cljs/webmx/src:/Users/kennethtilton/webmx/cljs/webmx/target/classes:/Users/kennethtilton/webmx/cljs/webmx/dev-resources:/Users/kennethtilton/webmx/cljs/webmx/resources:/Users/kennethtilton/webmx/cljs/webmx/target/classes:/Users/kennethtilton/.m2/repository/com/cognitect/transit-clj/0.8.300/transit-clj-0.8.300.jar:/Users/kennethtilton/.m2/repository/noencore/noencore/0.3.3/noencore-0.3.3.jar:/Users/kennethtilton/.m2/repository/org/apache/httpcomponents/httpmime/4.5.3/httpmime-4.5.3.jar:/Users/kennethtilton/.m2/repository/org/clojure/clojure/1.8.0/clojure-1.8.0.jar:/Users/kennethtilton/.m2/repository/org/msgpack/msgpack/0.6.12/msgpack-0.6.12.jar:/Users/kennethtilton/.m2/repository/net/colourcoding/poppea/0.2.1/poppea-0.2.1.jar:/Users/kennethtilton/.m2/repository/org/apache/httpcomponents/httpcore-nio/4.4.6/httpcore-nio-4.4.6.jar:/Users/kennethtilton/.m2/repository/tigris/tigris/0.1.1/tigris-0.1.1.jar:/Users/kennethtilton/.m2/repository/commons-codec/commons-codec/1.10/commons-codec-1.10.jar:/Users/kennethtilton/.m2/repository/potemkin/potemkin/0.4.3/potemkin-0.4.3.jar:/Users/kennethtilton/.m2/repository/com/taoensso/truss/1.5.0/truss-1.5.0.jar:/Users/kennethtilton/.m2/repository/com/google/guava/guava/20.0/guava-20.0.jar:/Users/kennethtilton/.m2/repository/com/google/code/gson/gson/2.7/gson-2.7.jar:/Users/kennethtilton/.m2/repository/com/google/errorprone/error_prone_annotations/2.0.18/error_prone_annotations-2.0.18.jar:/Users/kennethtilton/.m2/repository/com/google/code/findbugs/jsr305/3.0.1/jsr305-3.0.1.jar:/Users/kennethtilton/.m2/repository/org/clojure/tools.analyzer/0.6.9/tools.analyzer-0.6.9.jar:/Users/kennethtilton/.m2/repository/com/google/javascript/closure-compiler-unshaded/v20170521/closure-compiler-unshaded-v20170521.jar:/Users/kennethtilton/.m2/repository/org/clojure/tools.nrepl/0.2.12/tools.nrepl-0.2.12.jar:/Users/kennethtilton/.m2/repository/com/fasterxml/
Launcher Type: SUN_STANDARD

Environment Variables:
JAVA_HOME=/Library/Java/Home
PATH=/usr/local/opt/node@8/bin:/Users/kennethtilton/.opam/4.04.2/bin:/Users/kennethtilton/phantomjs-2.1.1-macosx/bin:/Users/kennethtilton/Library/android/sdk/tools:/Users/kennethtilton/Library/android/sdk/platform-tools:/usr/local/bin:/usr/bin:/bin:/usr/sbin:/sbin:/opt/X11/bin:/Applications/Wireshark.app/Contents/MacOS
SHELL=/bin/bash
DISPLAY=/private/tmp/com.apple.launchd.GVDyCnWq4N/org.macosforge.xquartz:0

Signal Handlers:
SIGSEGV: [libjvm.dylib+0x5b494d], sa_mask[0]=11111111011111110111111111111111, sa_flags=SA_ONSTACK|SA_RESTART|SA_SIGINFO
SIGBUS: [libjvm.dylib+0x5b494d], sa_mask[0]=11111111011111110111111111111111, sa_flags=SA_RESTART|SA_SIGINFO
SIGFPE: [libjvm.dylib+0x48ab54], sa_mask[0]=11111111011111110111111111111111, sa_flags=SA_RESTART|SA_SIGINFO
SIGPIPE: [libjvm.dylib+0x48ab54], sa_mask[0]=11111111011111110111111111111111, sa_flags=SA_RESTART|SA_SIGINFO
SIGXFSZ: [libjvm.dylib+0x48ab54], sa_mask[0]=11111111011111110111111111111111, sa_flags=SA_RESTART|SA_SIGINFO
SIGILL: [libjvm.dylib+0x48ab54], sa_mask[0]=11111111011111110111111111111111, sa_flags=SA_RESTART|SA_SIGINFO
SIGUSR1: SIG_DFL, sa_mask[0]=11011111011111100000000111000110, sa_flags=none
SIGUSR2: [libjvm.dylib+0x48a672], sa_mask[0]=00000000000000000000000000000000, sa_flags=SA_RESTART|SA_SIGINFO
SIGHUP: [libjvm.dylib+0x488c49], sa_mask[0]=11111111011111110111111111111111, sa_flags=SA_RESTART|SA_SIGINFO
SIGINT: [libjvm.dylib+0x488c49], sa_mask[0]=11111111011111110111111111111111, sa_flags=SA_RESTART|SA_SIGINFO
SIGTERM: [libjvm.dylib+0x488c49], sa_mask[0]=11111111011111110111111111111111, sa_flags=SA_RESTART|SA_SIGINFO
SIGQUIT: [libjvm.dylib+0x488c49], sa_mask[0]=11111111011111110111111111111111, sa_flags=SA_RESTART|SA_SIGINFO


---------------  S Y S T E M  ---------------

OS:Bsduname:Darwin 17.3.0 Darwin Kernel Version 17.3.0: Thu Nov  9 18:09:22 PST 2017; root:xnu-4570.31.3~1/RELEASE_X86_64 x86_64
rlimit: STACK 8192k, CORE 0k, NPROC 1418, NOFILE 10240, AS infinity
load average:2.07 2.20 1.96

CPU:total 8 (initial active 8) (4 cores per cpu, 2 threads per core) family 6 model 158 stepping 9, cmov, cx8, fxsr, mmx, sse, sse2, sse3, ssse3, sse4.1, sse4.2, popcnt, avx, avx2, aes, clmul, erms, 3dnowpref, lzcnt, ht, tsc, tscinvbit, bmi1, bmi2, adx

Memory: 4k page, physical 16777216k(553104k free)

/proc/meminfo:


vm_info: Java HotSpot(TM) 64-Bit Server VM (25.152-b16) for bsd-amd64 JRE (1.8.0_152-b16), built on Sep 14 2017 02:31:13 by "java_re" with gcc 4.2.1 (Based on Apple Inc. build 5658) (LLVM build 2336.11.00)

time: Thu Mar 15 20:13:46 2018
elapsed time: 1309 seconds (0d 0h 21m 49s)

